<?xml version="1.0" encoding="UTF-8" standalone="no"?>
<testsuite failures="1" name="cucumber.runtime.formatter.JUnitFormatter" skipped="0" tests="1" time="27.900588">
<testcase classname="As a user I should be able to add politician details to a database in http://ec2-34-251-162-89.eu-west-1.compute.amazonaws.com/" name="To verify user should be able to add politician details to a database" time="27.900588">
<failure message="java.lang.AssertionError: expected [Barry Gardner] but found []&#13;&#10;&#9;at org.testng.Assert.fail(Assert.java:97)&#13;&#10;&#9;at org.testng.Assert.assertEqualsImpl(Assert.java:136)&#13;&#10;&#9;at org.testng.Assert.assertEquals(Assert.java:118)&#13;&#10;&#9;at org.testng.Assert.assertEquals(Assert.java:575)&#13;&#10;&#9;at org.testng.Assert.assertEquals(Assert.java:585)&#13;&#10;&#9;at ComplyAdvantageUI.MyStepdefs.userShouldCheckTheConfirmDetails(MyStepdefs.java:103)&#13;&#10;&#9;at ✽.Then user should check the confirm details(src/test/java/Resources/AddPolitician.feature:14)&#13;&#10;"><![CDATA[Given user is on the given webpage..........................................passed
When user enter the name....................................................passed
And user enter the country..................................................passed
And user enter the year of birth............................................passed
And user enter the position.................................................passed
And user enter source info URL..............................................passed
And user enter risk level...................................................passed
And user click the save button..............................................passed
Then user should check the confirm details..................................failed

StackTrace:
java.lang.AssertionError: expected [Barry Gardner] but found []
	at org.testng.Assert.fail(Assert.java:97)
	at org.testng.Assert.assertEqualsImpl(Assert.java:136)
	at org.testng.Assert.assertEquals(Assert.java:118)
	at org.testng.Assert.assertEquals(Assert.java:575)
	at org.testng.Assert.assertEquals(Assert.java:585)
	at ComplyAdvantageUI.MyStepdefs.userShouldCheckTheConfirmDetails(MyStepdefs.java:103)
	at ✽.Then user should check the confirm details(src/test/java/Resources/AddPolitician.feature:14)
]]></failure>
</testcase>
</testsuite>
